<?xml version="1.0" encoding="UTF-8"?>
<coverage generated="1777658091">
  <project timestamp="1777658091">
    <file name="D:\laragon\www\task-management-system-arron\app\Http\Controllers\CategoryController.php">
      <class name="App\Http\Controllers\CategoryController" namespace="global">
        <metrics complexity="9" methods="7" coveredmethods="3" conditionals="0" coveredconditionals="0" statements="18" coveredstatements="11" elements="25" coveredelements="14"/>
      </class>
      <line num="11" type="method" name="__construct" visibility="public" complexity="1" crap="1" count="5"/>
      <line num="13" type="method" name="index" visibility="public" complexity="1" crap="1" count="1"/>
      <line num="15" type="stmt" count="1"/>
      <line num="16" type="stmt" count="1"/>
      <line num="19" type="method" name="create" visibility="public" complexity="1" crap="2" count="0"/>
      <line num="21" type="stmt" count="0"/>
      <line num="24" type="method" name="store" visibility="public" complexity="2" crap="2.26" count="1"/>
      <line num="27" type="stmt" count="1"/>
      <line num="28" type="stmt" count="1"/>
      <line num="29" type="stmt" count="1"/>
      <line num="30" type="stmt" count="0"/>
      <line num="31" type="stmt" count="0"/>
      <line num="35" type="method" name="edit" visibility="public" complexity="1" crap="2" count="0"/>
      <line num="37" type="stmt" count="0"/>
      <line num="40" type="method" name="update" visibility="public" complexity="1" crap="2" count="0"/>
      <line num="42" type="stmt" count="0"/>
      <line num="43" type="stmt" count="0"/>
      <line num="44" type="stmt" count="0"/>
      <line num="47" type="method" name="destroy" visibility="public" complexity="2" crap="2" count="2"/>
      <line num="50" type="stmt" count="2"/>
      <line num="51" type="stmt" count="1"/>
      <line num="52" type="stmt" count="1"/>
      <line num="53" type="stmt" count="1"/>
      <line num="54" type="stmt" count="1"/>
      <metrics loc="57" ncloc="57" classes="1" methods="7" coveredmethods="3" conditionals="0" coveredconditionals="0" statements="18" coveredstatements="11" elements="25" coveredelements="14"/>
    </file>
    <file name="D:\laragon\www\task-management-system-arron\app\Http\Controllers\Controller.php">
      <class name="App\Http\Controllers\Controller" namespace="global">
        <metrics complexity="0" methods="0" coveredmethods="0" conditionals="0" coveredconditionals="0" statements="0" coveredstatements="0" elements="0" coveredelements="0"/>
      </class>
      <metrics loc="9" ncloc="8" classes="0" methods="0" coveredmethods="0" conditionals="0" coveredconditionals="0" statements="0" coveredstatements="0" elements="0" coveredelements="0"/>
    </file>
    <file name="D:\laragon\www\task-management-system-arron\app\Http\Controllers\DashboardController.php">
      <class name="App\Http\Controllers\DashboardController" namespace="global">
        <metrics complexity="2" methods="2" coveredmethods="0" conditionals="0" coveredconditionals="0" statements="5" coveredstatements="0" elements="7" coveredelements="0"/>
      </class>
      <line num="10" type="method" name="__construct" visibility="public" complexity="1" crap="2" count="0"/>
      <line num="12" type="method" name="index" visibility="public" complexity="1" crap="2" count="0"/>
      <line num="14" type="stmt" count="0"/>
      <line num="15" type="stmt" count="0"/>
      <line num="16" type="stmt" count="0"/>
      <line num="18" type="stmt" count="0"/>
      <metrics loc="20" ncloc="20" classes="1" methods="2" coveredmethods="0" conditionals="0" coveredconditionals="0" statements="5" coveredstatements="0" elements="7" coveredelements="0"/>
    </file>
    <file name="D:\laragon\www\task-management-system-arron\app\Http\Controllers\TaskController.php">
      <class name="App\Http\Controllers\TaskController" namespace="global">
        <metrics complexity="10" methods="8" coveredmethods="5" conditionals="0" coveredconditionals="0" statements="28" coveredstatements="18" elements="36" coveredelements="23"/>
      </class>
      <line num="14" type="method" name="__construct" visibility="public" complexity="1" crap="1" count="8"/>
      <line num="16" type="method" name="index" visibility="public" complexity="1" crap="1" count="2"/>
      <line num="18" type="stmt" count="2"/>
      <line num="19" type="stmt" count="2"/>
      <line num="20" type="stmt" count="2"/>
      <line num="22" type="stmt" count="2"/>
      <line num="25" type="method" name="create" visibility="public" complexity="1" crap="2" count="0"/>
      <line num="27" type="stmt" count="0"/>
      <line num="28" type="stmt" count="0"/>
      <line num="29" type="stmt" count="0"/>
      <line num="31" type="stmt" count="0"/>
      <line num="34" type="method" name="store" visibility="public" complexity="2" crap="2.26" count="1"/>
      <line num="37" type="stmt" count="1"/>
      <line num="38" type="stmt" count="1"/>
      <line num="39" type="stmt" count="1"/>
      <line num="40" type="stmt" count="0"/>
      <line num="41" type="stmt" count="0"/>
      <line num="45" type="method" name="show" visibility="public" complexity="1" crap="1" count="1"/>
      <line num="47" type="stmt" count="1"/>
      <line num="48" type="stmt" count="1"/>
      <line num="51" type="method" name="edit" visibility="public" complexity="1" crap="2" count="0"/>
      <line num="53" type="stmt" count="0"/>
      <line num="54" type="stmt" count="0"/>
      <line num="55" type="stmt" count="0"/>
      <line num="57" type="stmt" count="0"/>
      <line num="60" type="method" name="update" visibility="public" complexity="1" crap="1" count="1"/>
      <line num="62" type="stmt" count="1"/>
      <line num="63" type="stmt" count="1"/>
      <line num="64" type="stmt" count="1"/>
      <line num="67" type="method" name="destroy" visibility="public" complexity="2" crap="2" count="2"/>
      <line num="70" type="stmt" count="2"/>
      <line num="71" type="stmt" count="1"/>
      <line num="72" type="stmt" count="1"/>
      <line num="73" type="stmt" count="1"/>
      <line num="74" type="stmt" count="1"/>
      <metrics loc="77" ncloc="77" classes="1" methods="8" coveredmethods="5" conditionals="0" coveredconditionals="0" statements="28" coveredstatements="18" elements="36" coveredelements="23"/>
    </file>
    <file name="D:\laragon\www\task-management-system-arron\app\Http\Requests\StoreCategoryRequest.php">
      <class name="App\Http\Requests\StoreCategoryRequest" namespace="global">
        <metrics complexity="2" methods="2" coveredmethods="2" conditionals="0" coveredconditionals="0" statements="6" coveredstatements="6" elements="8" coveredelements="8"/>
      </class>
      <line num="9" type="method" name="authorize" visibility="public" complexity="1" crap="1" count="2"/>
      <line num="11" type="method" name="rules" visibility="public" complexity="1" crap="1" count="2"/>
      <line num="13" type="stmt" count="2"/>
      <line num="14" type="stmt" count="2"/>
      <line num="15" type="stmt" count="2"/>
      <line num="16" type="stmt" count="2"/>
      <line num="17" type="stmt" count="2"/>
      <metrics loc="19" ncloc="19" classes="1" methods="2" coveredmethods="2" conditionals="0" coveredconditionals="0" statements="6" coveredstatements="6" elements="8" coveredelements="8"/>
    </file>
    <file name="D:\laragon\www\task-management-system-arron\app\Http\Requests\StoreTaskRequest.php">
      <class name="App\Http\Requests\StoreTaskRequest" namespace="global">
        <metrics complexity="3" methods="3" coveredmethods="3" conditionals="0" coveredconditionals="0" statements="14" coveredstatements="14" elements="17" coveredelements="17"/>
      </class>
      <line num="9" type="method" name="authorize" visibility="public" complexity="1" crap="1" count="2"/>
      <line num="11" type="method" name="rules" visibility="public" complexity="1" crap="1" count="2"/>
      <line num="13" type="stmt" count="2"/>
      <line num="14" type="stmt" count="2"/>
      <line num="15" type="stmt" count="2"/>
      <line num="16" type="stmt" count="2"/>
      <line num="17" type="stmt" count="2"/>
      <line num="18" type="stmt" count="2"/>
      <line num="19" type="stmt" count="2"/>
      <line num="20" type="stmt" count="2"/>
      <line num="23" type="method" name="messages" visibility="public" complexity="1" crap="1" count="2"/>
      <line num="25" type="stmt" count="2"/>
      <line num="26" type="stmt" count="2"/>
      <line num="27" type="stmt" count="2"/>
      <line num="28" type="stmt" count="2"/>
      <line num="29" type="stmt" count="2"/>
      <metrics loc="31" ncloc="31" classes="1" methods="3" coveredmethods="3" conditionals="0" coveredconditionals="0" statements="14" coveredstatements="14" elements="17" coveredelements="17"/>
    </file>
    <file name="D:\laragon\www\task-management-system-arron\app\Http\Requests\UpdateTaskRequest.php">
      <class name="App\Http\Requests\UpdateTaskRequest" namespace="global">
        <metrics complexity="2" methods="2" coveredmethods="2" conditionals="0" coveredconditionals="0" statements="9" coveredstatements="9" elements="11" coveredelements="11"/>
      </class>
      <line num="9" type="method" name="authorize" visibility="public" complexity="1" crap="1" count="1"/>
      <line num="11" type="method" name="rules" visibility="public" complexity="1" crap="1" count="1"/>
      <line num="13" type="stmt" count="1"/>
      <line num="14" type="stmt" count="1"/>
      <line num="15" type="stmt" count="1"/>
      <line num="16" type="stmt" count="1"/>
      <line num="17" type="stmt" count="1"/>
      <line num="18" type="stmt" count="1"/>
      <line num="19" type="stmt" count="1"/>
      <line num="20" type="stmt" count="1"/>
      <metrics loc="22" ncloc="22" classes="1" methods="2" coveredmethods="2" conditionals="0" coveredconditionals="0" statements="9" coveredstatements="9" elements="11" coveredelements="11"/>
    </file>
    <file name="D:\laragon\www\task-management-system-arron\app\Models\Category.php">
      <class name="App\Models\Category" namespace="global">
        <metrics complexity="2" methods="2" coveredmethods="1" conditionals="0" coveredconditionals="0" statements="2" coveredstatements="1" elements="4" coveredelements="2"/>
      </class>
      <line num="20" type="method" name="tasks" visibility="public" complexity="1" crap="1" count="5"/>
      <line num="22" type="stmt" count="5"/>
      <line num="25" type="method" name="getTaskCountAttribute" visibility="public" complexity="1" crap="2" count="0"/>
      <line num="27" type="stmt" count="0"/>
      <metrics loc="32" ncloc="32" classes="1" methods="2" coveredmethods="1" conditionals="0" coveredconditionals="0" statements="2" coveredstatements="1" elements="4" coveredelements="2"/>
    </file>
    <file name="D:\laragon\www\task-management-system-arron\app\Models\Task.php">
      <class name="App\Models\Task" namespace="global">
        <metrics complexity="13" methods="10" coveredmethods="7" conditionals="0" coveredconditionals="0" statements="23" coveredstatements="20" elements="33" coveredelements="27"/>
      </class>
      <line num="31" type="method" name="category" visibility="public" complexity="1" crap="1" count="6"/>
      <line num="33" type="stmt" count="6"/>
      <line num="38" type="method" name="isCompleted" visibility="public" complexity="1" crap="1" count="9"/>
      <line num="40" type="stmt" count="9"/>
      <line num="43" type="method" name="isCancelled" visibility="public" complexity="1" crap="1" count="3"/>
      <line num="45" type="stmt" count="3"/>
      <line num="48" type="method" name="isOverdue" visibility="public" complexity="4" crap="4" count="5"/>
      <line num="50" type="stmt" count="5"/>
      <line num="51" type="stmt" count="4"/>
      <line num="53" type="stmt" count="2"/>
      <line num="56" type="method" name="markAsCompleted" visibility="public" complexity="1" crap="1" count="1"/>
      <line num="58" type="stmt" count="1"/>
      <line num="59" type="stmt" count="1"/>
      <line num="60" type="stmt" count="1"/>
      <line num="61" type="stmt" count="1"/>
      <line num="64" type="method" name="getPriorityLevelAttribute" visibility="public" complexity="1" crap="1" count="1"/>
      <line num="66" type="stmt" count="1"/>
      <line num="67" type="stmt" count="1"/>
      <line num="68" type="stmt" count="1"/>
      <line num="69" type="stmt" count="1"/>
      <line num="70" type="stmt" count="1"/>
      <line num="71" type="stmt" count="1"/>
      <line num="72" type="stmt" count="1"/>
      <line num="77" type="method" name="scopePending" visibility="public" complexity="1" crap="2" count="0"/>
      <line num="79" type="stmt" count="0"/>
      <line num="82" type="method" name="scopeCompleted" visibility="public" complexity="1" crap="2" count="0"/>
      <line num="84" type="stmt" count="0"/>
      <line num="87" type="method" name="scopeByPriority" visibility="public" complexity="1" crap="2" count="0"/>
      <line num="89" type="stmt" count="0"/>
      <line num="92" type="method" name="scopeOverdue" visibility="public" complexity="1" crap="1" count="2"/>
      <line num="94" type="stmt" count="2"/>
      <line num="95" type="stmt" count="2"/>
      <line num="96" type="stmt" count="2"/>
      <metrics loc="99" ncloc="96" classes="1" methods="10" coveredmethods="7" conditionals="0" coveredconditionals="0" statements="23" coveredstatements="20" elements="33" coveredelements="27"/>
    </file>
    <file name="D:\laragon\www\task-management-system-arron\app\Models\User.php">
      <class name="App\Models\User" namespace="global">
        <metrics complexity="1" methods="1" coveredmethods="0" conditionals="0" coveredconditionals="0" statements="4" coveredstatements="0" elements="5" coveredelements="0"/>
      </class>
      <line num="40" type="method" name="casts" visibility="protected" complexity="1" crap="2" count="0"/>
      <line num="42" type="stmt" count="0"/>
      <line num="43" type="stmt" count="0"/>
      <line num="44" type="stmt" count="0"/>
      <line num="45" type="stmt" count="0"/>
      <metrics loc="48" ncloc="32" classes="1" methods="1" coveredmethods="0" conditionals="0" coveredconditionals="0" statements="4" coveredstatements="0" elements="5" coveredelements="0"/>
    </file>
    <file name="D:\laragon\www\task-management-system-arron\app\Providers\AppServiceProvider.php">
      <class name="App\Providers\AppServiceProvider" namespace="global">
        <metrics complexity="2" methods="2" coveredmethods="2" conditionals="0" coveredconditionals="0" statements="2" coveredstatements="2" elements="4" coveredelements="4"/>
      </class>
      <line num="10" type="method" name="register" visibility="public" complexity="1" crap="1" count="38"/>
      <line num="13" type="stmt" count="38"/>
      <line num="15" type="method" name="boot" visibility="public" complexity="1" crap="1" count="38"/>
      <line num="17" type="stmt" count="38"/>
      <metrics loc="19" ncloc="18" classes="1" methods="2" coveredmethods="2" conditionals="0" coveredconditionals="0" statements="2" coveredstatements="2" elements="4" coveredelements="4"/>
    </file>
    <file name="D:\laragon\www\task-management-system-arron\app\Services\CategoryService.php">
      <class name="App\Services\CategoryService" namespace="global">
        <metrics complexity="7" methods="4" coveredmethods="3" conditionals="0" coveredconditionals="0" statements="11" coveredstatements="7" elements="15" coveredelements="10"/>
      </class>
      <line num="9" type="method" name="createCategory" visibility="public" complexity="1" crap="1" count="3"/>
      <line num="11" type="stmt" count="3"/>
      <line num="13" type="stmt" count="2"/>
      <line num="16" type="method" name="updateCategory" visibility="public" complexity="2" crap="6" count="0"/>
      <line num="18" type="stmt" count="0"/>
      <line num="19" type="stmt" count="0"/>
      <line num="22" type="stmt" count="0"/>
      <line num="23" type="stmt" count="0"/>
      <line num="26" type="method" name="deleteCategory" visibility="public" complexity="2" crap="2" count="4"/>
      <line num="28" type="stmt" count="4"/>
      <line num="29" type="stmt" count="2"/>
      <line num="32" type="stmt" count="2"/>
      <line num="35" type="method" name="validateColor" visibility="private" complexity="2" crap="2" count="3"/>
      <line num="37" type="stmt" count="3"/>
      <line num="38" type="stmt" count="1"/>
      <metrics loc="41" ncloc="41" classes="1" methods="4" coveredmethods="3" conditionals="0" coveredconditionals="0" statements="11" coveredstatements="7" elements="15" coveredelements="10"/>
    </file>
    <file name="D:\laragon\www\task-management-system-arron\app\Services\TaskService.php">
      <class name="App\Services\TaskService" namespace="global">
        <metrics complexity="20" methods="7" coveredmethods="6" conditionals="0" coveredconditionals="0" statements="47" coveredstatements="46" elements="54" coveredelements="52"/>
      </class>
      <line num="14" type="method" name="getFilteredTasks" visibility="public" complexity="5" crap="5.01" count="5"/>
      <line num="16" type="stmt" count="5"/>
      <line num="17" type="stmt" count="5"/>
      <line num="24" type="stmt" count="5"/>
      <line num="25" type="stmt" count="5"/>
      <line num="27" type="stmt" count="5"/>
      <line num="28" type="stmt" count="2"/>
      <line num="31" type="stmt" count="5"/>
      <line num="32" type="stmt" count="1"/>
      <line num="35" type="stmt" count="5"/>
      <line num="36" type="stmt" count="0"/>
      <line num="39" type="stmt" count="5"/>
      <line num="40" type="stmt" count="1"/>
      <line num="41" type="stmt" count="1"/>
      <line num="42" type="stmt" count="1"/>
      <line num="43" type="stmt" count="1"/>
      <line num="44" type="stmt" count="1"/>
      <line num="47" type="stmt" count="5"/>
      <line num="53" type="method" name="createTask" visibility="public" complexity="1" crap="1" count="4"/>
      <line num="55" type="stmt" count="4"/>
      <line num="57" type="stmt" count="3"/>
      <line num="63" type="method" name="updateTask" visibility="public" complexity="6" crap="6" count="4"/>
      <line num="65" type="stmt" count="4"/>
      <line num="68" type="stmt" count="4"/>
      <line num="69" type="stmt" count="1"/>
      <line num="73" type="stmt" count="4"/>
      <line num="74" type="stmt" count="3"/>
      <line num="77" type="stmt" count="4"/>
      <line num="78" type="stmt" count="4"/>
      <line num="84" type="method" name="deleteTask" visibility="public" complexity="2" crap="2" count="4"/>
      <line num="86" type="stmt" count="4"/>
      <line num="87" type="stmt" count="2"/>
      <line num="90" type="stmt" count="2"/>
      <line num="96" type="method" name="getStatistics" visibility="public" complexity="1" crap="1" count="2"/>
      <line num="98" type="stmt" count="2"/>
      <line num="99" type="stmt" count="2"/>
      <line num="100" type="stmt" count="2"/>
      <line num="101" type="stmt" count="2"/>
      <line num="102" type="stmt" count="2"/>
      <line num="103" type="stmt" count="2"/>
      <line num="104" type="stmt" count="2"/>
      <line num="105" type="stmt" count="2"/>
      <line num="106" type="stmt" count="2"/>
      <line num="107" type="stmt" count="2"/>
      <line num="108" type="stmt" count="2"/>
      <line num="114" type="method" name="getCompletionRate" visibility="public" complexity="2" crap="2" count="2"/>
      <line num="116" type="stmt" count="2"/>
      <line num="117" type="stmt" count="2"/>
      <line num="118" type="stmt" count="1"/>
      <line num="120" type="stmt" count="1"/>
      <line num="121" type="stmt" count="1"/>
      <line num="126" type="method" name="validateDueDate" visibility="private" complexity="3" crap="3" count="8"/>
      <line num="128" type="stmt" count="8"/>
      <line num="129" type="stmt" count="1"/>
      <metrics loc="132" ncloc="111" classes="1" methods="7" coveredmethods="6" conditionals="0" coveredconditionals="0" statements="47" coveredstatements="46" elements="54" coveredelements="52"/>
    </file>
    <metrics files="13" loc="606" ncloc="564" classes="12" methods="50" coveredmethods="34" conditionals="0" coveredconditionals="0" statements="169" coveredstatements="134" elements="219" coveredelements="168"/>
  </project>
</coverage>
